<?xml version="1.0" encoding="UTF-8"?>
<!-- Generated by org.testng.reporters.JUnitReportReporter -->
<testsuite skipped="0" hostname="Jayashrees-MacBook-Air.local" name="SumValidation" tests="1" failures="0" timestamp="2020-12-19T15:12:02 IST" time="2.552" errors="0">
  <testcase name="numofCourses" time="2.552" classname="SumValidation"/>
  <system-out/>
</testsuite> <!-- SumValidation -->
