<?xml version="1.0" encoding="UTF-8"?>
<!-- Generated by org.testng.reporters.JUnitReportReporter -->
<testsuite skipped="0" hostname="Jayashrees-MacBook-Air.local" name="jira_api.UsingFilterSession_Jira2" tests="1" failures="0" timestamp="2020-12-29T18:26:39 IST" time="4.851" errors="0">
  <testcase name="createNewIssueWithSessionFilter" time="4.851" classname="jira_api.UsingFilterSession_Jira2"/>
  <system-out/>
</testsuite> <!-- jira_api.UsingFilterSession_Jira2 -->
