<?xml version="1.0" encoding="UTF-8"?>
<!-- Generated by org.testng.reporters.JUnitReportReporter -->
<testsuite skipped="0" hostname="Jayashrees-MacBook-Air.local" name="addingNewerBook" tests="1" failures="0" timestamp="2020-12-24T19:24:41 IST" time="5.080" errors="0">
  <testcase name="addANewBook" time="5.080" classname="addingNewerBook"/>
  <system-out/>
</testsuite> <!-- addingNewerBook -->
