<?xml version="1.0" encoding="UTF-8"?>
<!-- Generated by org.testng.reporters.JUnitReportReporter -->
<testsuite skipped="0" hostname="Jayashrees-MacBook-Air.local" name="jira_api.comment_To_Specific_Issue" tests="1" failures="0" timestamp="2020-12-29T19:25:53 IST" time="7.154" errors="0">
  <testcase name="ValidatingIssue" time="7.154" classname="jira_api.comment_To_Specific_Issue"/>
  <system-out/>
</testsuite> <!-- jira_api.comment_To_Specific_Issue -->
