<?xml version="1.0" encoding="UTF-8"?>
<!-- Generated by org.testng.reporters.JUnitReportReporter -->
<testsuite skipped="0" hostname="Jayashrees-MacBook-Air.local" name="addingBook" tests="1" failures="0" timestamp="2020-12-23T14:14:19 IST" time="3.898" errors="0">
  <testcase name="addingABookonISBN" time="3.898" classname="addingBook"/>
  <system-out/>
</testsuite> <!-- addingBook -->
