<?xml version="1.0" encoding="UTF-8"?>
<!-- Generated by org.testng.reporters.JUnitReportReporter -->
<testsuite skipped="0" hostname="Jayashrees-MacBook-Air.local" name="jira_api.Jira1" tests="1" failures="0" timestamp="2020-12-28T16:49:10 IST" time="5.291" errors="0">
  <testcase name="createNewIssue" time="5.291" classname="jira_api.Jira1"/>
  <system-out/>
</testsuite> <!-- jira_api.Jira1 -->
